.100 .102
.200 .202
.300 .303
.400 .403
.500 .502
.600 .603
.700 .703
.800 .806
.900 .906
1.000 1.00
1.100 1.10
1.200 1.20
1.300 1.31
1.400 1.41
1.500 1.51
1.600 1.62
1.700 1.71
1.800 1.82
1.900 1.92
2.000 2.02
2.100 2.12
2.200 2.20
2.300 2.33
2.400 2.43
2.500 2.51
2.600 2.61
2.700 2.70
2.800 2.82
2.900 2.90
3.000 3.02
3.100 3.11
3.200 3.27
3.300 3.36
3.400 3.46
3.500 3.53
3.600 3.64
3.700 3.74
3.800 3.86
3.900 3.98
4.000 4.07
4.100 4.21
4.200 4.25
4.300 4.36
4.400 4.50
4.500 4.51
4.600 4.67
4.700 4.81
4.800 4.86
4.900 5.01
5.000 5.05
5.100 5.21
5.200 5.27
5.300 5.43
5.400 5.42
5.500 5.67
5.600 5.68
5.700 5.89
5.800 5.96
5.900 5.95
6.000 6.16
6.100 6.24
6.200 6.24
6.300 6.50
6.400 6.58
6.500 6.58
6.600 6.84
6.700 6.84
6.800 6.95
6.900 7.23
7.000 7.23
7.100 7.23
7.200 7.23
7.300 7.67
7.400 7.67
7.500 7.68
7.600 7.68
7.700 7.68
7.800 8.16
7.900 8.16
8.000 8.17
8.100 8.15
8.200 8.58
8.300 8.57
8.400 8.73
8.500 8.72
8.600 8.73
8.700 8.74
8.800 9.23
8.900 9.20
9.000 9.22
9.100 9.40
9.200 9.40
9.300 9.41
9.400 9.61
9.500 9.66
9.600 9.66
9.700 9.64
9.800 9.65
9.900 9.63
