.100 .102
.200 .202
.300 .303
.400 .404
.500 .504
.600 .606
.700 .705
.800 .808
.900 .909
1.000 1.01
1.100 1.11
1.200 1.21
1.300 1.32
1.400 1.42
1.500 1.52
1.600 1.62
1.700 1.71
1.800 1.83
1.900 1.94
2.000 2.03
2.100 2.14
2.200 2.25
2.300 2.37
2.400 2.46
2.500 2.56
2.600 2.66
2.700 2.77
2.800 2.90
2.900 2.97
3.000 3.10
3.100 3.12
3.200 3.29
3.300 3.38
3.400 3.47
3.500 3.55
3.600 3.65
3.700 3.77
3.800 3.89
3.900 4.01
4.000 4.11
4.100 4.26
4.200 4.29
4.300 4.41
4.400 4.57
4.500 4.57
4.600 4.75
4.700 4.89
4.800 4.94
4.900 5.09
5.000 5.15
5.100 5.32
5.200 5.38
5.300 5.55
5.400 5.55
5.500 5.82
5.600 5.82
5.700 6.03
5.800 6.10
5.900 6.10
6.000 6.34
6.100 6.42
6.200 6.42
6.300 6.68
6.400 6.77
6.500 6.77
6.600 7.07
6.700 7.06
6.800 7.16
6.900 7.49
7.000 7.50
7.100 7.49
7.200 7.49
7.300 7.98
7.400 7.97
7.500 7.97
7.600 7.97
7.700 7.98
7.800 8.51
7.900 8.52
8.000 8.52
8.100 8.51
8.200 8.99
8.300 8.95
8.400 9.14
8.500 9.13
8.600 9.12
8.700 9.13
8.800 9.61
8.900 9.61
9.000 9.61
9.100 9.61
9.200 9.60
9.300 9.60
9.400 9.61
9.500 9.61
9.600 9.61
9.700 9.61
9.800 9.61
9.900 9.61
