1 514 609
2 558 616
3 498 612
4 540 616
5 541 616
6 555 611
7 552 615
8 545 610
9 536 617
10 510 615
11 529 612
12 520 611
13 549 611
14 519 615
15 552 617
16 504 614
17 564 612
18 526 611
19 520 611
20 519 614
21 563 617
22 548 613
23 544 608
24 513 608
25 569 612
26 513 612
27 567 613
28 540 611
29 512 613
30 549 614
31 547 613
32 528 617
33 516 612
34 526 613
35 534 617
36 545 615
37 521 616
38 547 611
39 545 614
40 521 610
41 489 612
42 540 614
43 524 614
44 527 611
45 546 612
46 558 621
47 518 618
48 507 610
49 538 616
50 543 611
51 552 619
52 513 611
53 512 616
54 537 614
55 533 608
56 550 613
57 548 613
58 548 617
59 565 614
60 549 615
61 550 608
62 513 614
63 549 617
64 552 615
65 549 606
66 564 617
67 517 618
68 570 617
69 549 612
70 530 609
71 532 615
72 534 613
73 510 604
74 565 615
75 534 615
76 548 613
77 548 612
78 545 614
79 554 612
80 546 613
81 547 611
82 541 616
83 555 616
84 523 607
85 532 609
86 564 616
87 536 612
88 557 613
89 523 609
90 534 616
91 538 610
92 529 613
93 508 616
94 496 616
95 567 617
96 559 617
97 527 617
98 509 609
99 514 613
100 499 618
