1	498	264	
2	495	263	
3	496	263	
4	497	263	
5	489	263	
6	474	263	
7	467	263	
8	448	263	
9	449	263	
10	454	262	
11	469	263	
12	456	262	
13	452	263	
14	467	264	
15	484	263	
16	524	263	
17	528	262	
18	527	262	
19	549	263	
20	545	263	
21	510	263	
22	471	262	
23	465	263	
24	465	263	
25	451	262	
26	453	264	
27	440	263	
28	445	263	
29	446	263	
30	444	263	
31	448	263	
32	448	263	
33	452	263	
34	431	262	
35	457	262	
36	449	264	
37	452	263	
38	475	263	
39	494	263	
40	519	263	
41	500	263	
42	489	263	
43	471	263	
44	469	263	
45	449	263	
46	455	263	
47	471	263	
48	440	263	
49	437	263	
50	445	263	
51	453	263	
52	440	263	
53	441	262	
54	452	262	
55	459	263	
56	451	263	
57	456	263	
58	442	262	
59	444	262	
60	460	262	
61	470	263	
62	463	262	
63	453	262	
64	446	263	
65	446	263	
66	462	263	
67	451	262	
68	459	262	
69	441	262	
70	442	262	
71	442	263 
72	444	262 
73	440	262 
74	440	263 
75	445	262 
76	445	262
77	443	262
78	445	263	
79	445	263	
80	441	263
